[Server] Environment variables loaded:
[Server] VITE_SUPABASE_URL: ✓ Set
[Server] VITE_SUPABASE_ANON_KEY: ✓ Set
[Server] METAAPI_TOKEN: ✓ Set
[MetaAPI Routes] Initializing Supabase...
[MetaAPI Routes] URL: https://mctcmjnirsxrywvwzpzu.supabase.co
[MetaAPI Routes] Key length: 208
[MetaAPI Routes] ✓ Supabase client initialized successfully
node:events:496
      throw er; // Unhandled 'error' event
      ^

Error: listen EADDRINUSE: address already in use :::3001
    at Server.setupListenHandle [as _listen2] (node:net:1872:16)
    at listenInCluster (node:net:1920:12)
    at Server.listen (node:net:2008:7)
    at Function.listen (/workspace/shadcn-ui/node_modules/.pnpm/express@4.21.2/node_modules/express/lib/application.js:635:24)
    at Object.<anonymous> (/workspace/shadcn-ui/server/index.cjs:56:5)
    at Module._compile (node:internal/modules/cjs/loader:1376:14)
    at Module._extensions..js (node:internal/modules/cjs/loader:1435:10)
    at Module.load (node:internal/modules/cjs/loader:1207:32)
    at Module._load (node:internal/modules/cjs/loader:1023:12)
    at Function.executeUserEntryPoint [as runMain] (node:internal/modules/run_main:135:12)
Emitted 'error' event on Server instance at:
    at emitErrorNT (node:net:1899:8)
    at process.processTicksAndRejections (node:internal/process/task_queues:82:21) {
  code: 'EADDRINUSE',
  errno: -98,
  syscall: 'listen',
  address: '::',
  port: 3001
}

Node.js v20.11.0
